Copyright 1986-2019 Xilinx, Inc. All Rights Reserved.
------------------------------------------------------------------------------------
| Tool Version : Vivado v.2019.1 (win64) Build 2552052 Fri May 24 14:49:42 MDT 2019
| Date         : Fri May 27 12:18:39 2022
| Host         : Titania running 64-bit major release  (build 9200)
| Command      : upgrade_ip
| Device       : xc7z010clg400-1
------------------------------------------------------------------------------------

Upgrade Log for IP 'zybo_7_macc_ip_0_0'

1. Summary
----------

SUCCESS in the upgrade of zybo_7_macc_ip_0_0 (xilinx.com:user:macc_ip:1.0) from (Rev. 2) to (Rev. 3)






Copyright 1986-2019 Xilinx, Inc. All Rights Reserved.
------------------------------------------------------------------------------------
| Tool Version : Vivado v.2019.1 (win64) Build 2552052 Fri May 24 14:49:42 MDT 2019
| Date         : Thu May 26 19:33:37 2022
| Host         : Titania running 64-bit major release  (build 9200)
| Command      : upgrade_ip
| Device       : xc7z010clg400-1
------------------------------------------------------------------------------------

Upgrade Log for IP 'zybo_7_macc_ip_0_0'

1. Summary
----------

SUCCESS in the upgrade of zybo_7_macc_ip_0_0 (xilinx.com:user:macc_ip:1.0) from (Rev. 1) to (Rev. 2)

