19:53:49 INFO  : Registering command handlers for SDK TCF services
19:53:51 INFO  : Launching XSCT server: xsct.bat -interactive C:\Users\Baptiste\Documents\ENSEA\3D\S10_007_Soc\003_TP2\Zybo-soc-dossier6\seance_4\seance_4.sdk\temp_xsdb_launch_script.tcl
19:53:55 INFO  : XSCT server has started successfully.
19:53:56 INFO  : Successfully done setting XSCT server connection channel  
19:53:56 INFO  : Successfully done setting SDK workspace  
19:53:56 INFO  : Processing command line option -hwspec C:/Users/Baptiste/Documents/ENSEA/3D/S10_007_Soc/003_TP2/Zybo-soc-dossier6/seance_4/seance_4.sdk/zybo_7_wrapper.hdf.
12:05:50 INFO  : Registering command handlers for SDK TCF services
12:05:51 INFO  : Launching XSCT server: xsct.bat -interactive C:\Users\Baptiste\Documents\ENSEA\3D\S10_007_Soc\003_TP2\Zybo-soc-dossier6\seance_4\seance_4.sdk\temp_xsdb_launch_script.tcl
12:05:56 INFO  : XSCT server has started successfully.
12:05:56 INFO  : Successfully done setting XSCT server connection channel  
12:05:56 INFO  : Successfully done setting SDK workspace  
12:05:56 INFO  : Processing command line option -hwspec C:/Users/Baptiste/Documents/ENSEA/3D/S10_007_Soc/003_TP2/Zybo-soc-dossier6/seance_4/seance_4.sdk/zybo_7_wrapper.hdf.
12:05:57 INFO  : Checking for hwspec changes in the project zybo_7_wrapper_hw_platform_0.
12:09:28 INFO  : Connected to target on host '127.0.0.1' and port '3121'.
12:09:28 INFO  : 'targets -set -filter {jtag_cable_name =~ "Digilent Zybo Z7 210351B0FED1A" && level==0} -index 1' command is executed.
12:09:30 INFO  : FPGA configured successfully with bitstream "C:/Users/Baptiste/Documents/ENSEA/3D/S10_007_Soc/003_TP2/Zybo-soc-dossier6/seance_4/seance_4.sdk/zybo_7_wrapper_hw_platform_0/zybo_7_wrapper.bit"
12:10:27 INFO  : 'targets -set -filter {jtag_cable_name =~ "Digilent Zybo Z7 210351B0FED1A" && level==0} -index 1' command is executed.
12:10:27 INFO  : 'fpga -state' command is executed.
12:10:27 INFO  : Connected to target on host '127.0.0.1' and port '3121'.
12:10:27 INFO  : Jtag cable 'Digilent Zybo Z7 210351B0FED1A' is selected.
12:10:27 INFO  : 'jtag frequency' command is executed.
12:10:27 INFO  : Sourcing of 'C:/Users/Baptiste/Documents/ENSEA/3D/S10_007_Soc/003_TP2/Zybo-soc-dossier6/seance_4/seance_4.sdk/zybo_7_wrapper_hw_platform_0/ps7_init.tcl' is done.
12:10:27 INFO  : Context for 'APU' is selected.
12:10:27 INFO  : Hardware design information is loaded from 'C:/Users/Baptiste/Documents/ENSEA/3D/S10_007_Soc/003_TP2/Zybo-soc-dossier6/seance_4/seance_4.sdk/zybo_7_wrapper_hw_platform_0/system.hdf'.
12:10:27 INFO  : 'configparams force-mem-access 1' command is executed.
12:10:28 INFO  : Context for 'APU' is selected.
12:10:28 INFO  : 'stop' command is executed.
12:10:28 INFO  : 'ps7_init' command is executed.
12:10:28 INFO  : 'ps7_post_config' command is executed.
12:10:28 INFO  : Context for processor 'ps7_cortexa9_0' is selected.
12:10:28 INFO  : Processor reset is completed for 'ps7_cortexa9_0'.
12:10:28 INFO  : Context for processor 'ps7_cortexa9_0' is selected.
12:10:29 INFO  : The application 'C:/Users/Baptiste/Documents/ENSEA/3D/S10_007_Soc/003_TP2/Zybo-soc-dossier6/seance_4/seance_4.sdk/seance_4/Debug/seance_4.elf' is downloaded to processor 'ps7_cortexa9_0'.
12:10:29 INFO  : 'configparams force-mem-access 0' command is executed.
12:10:29 INFO  : ----------------XSDB Script----------------
connect -url tcp:127.0.0.1:3121
source C:/Users/Baptiste/Documents/ENSEA/3D/S10_007_Soc/003_TP2/Zybo-soc-dossier6/seance_4/seance_4.sdk/zybo_7_wrapper_hw_platform_0/ps7_init.tcl
targets -set -nocase -filter {name =~"APU*" && jtag_cable_name =~ "Digilent Zybo Z7 210351B0FED1A"} -index 0
loadhw -hw C:/Users/Baptiste/Documents/ENSEA/3D/S10_007_Soc/003_TP2/Zybo-soc-dossier6/seance_4/seance_4.sdk/zybo_7_wrapper_hw_platform_0/system.hdf -mem-ranges [list {0x40000000 0xbfffffff}]
configparams force-mem-access 1
targets -set -nocase -filter {name =~"APU*" && jtag_cable_name =~ "Digilent Zybo Z7 210351B0FED1A"} -index 0
stop
ps7_init
ps7_post_config
targets -set -nocase -filter {name =~ "ARM*#0" && jtag_cable_name =~ "Digilent Zybo Z7 210351B0FED1A"} -index 0
rst -processor
targets -set -nocase -filter {name =~ "ARM*#0" && jtag_cable_name =~ "Digilent Zybo Z7 210351B0FED1A"} -index 0
dow C:/Users/Baptiste/Documents/ENSEA/3D/S10_007_Soc/003_TP2/Zybo-soc-dossier6/seance_4/seance_4.sdk/seance_4/Debug/seance_4.elf
configparams force-mem-access 0
----------------End of Script----------------

12:10:29 INFO  : Memory regions updated for context APU
12:10:29 INFO  : Context for processor 'ps7_cortexa9_0' is selected.
12:10:29 INFO  : 'con' command is executed.
12:10:29 INFO  : ----------------XSDB Script (After Launch)----------------
targets -set -nocase -filter {name =~ "ARM*#0" && jtag_cable_name =~ "Digilent Zybo Z7 210351B0FED1A"} -index 0
con
----------------End of Script----------------

12:10:29 INFO  : Launch script is exported to file 'C:\Users\Baptiste\Documents\ENSEA\3D\S10_007_Soc\003_TP2\Zybo-soc-dossier6\seance_4\seance_4.sdk\.sdk\launch_scripts\xilinx_c-c++_application_(system_debugger)\system_debugger_using_debug_seance_4.elf_on_local.tcl'
12:10:49 INFO  : Disconnected from the channel tcfchan#1.
12:10:50 INFO  : 'targets -set -filter {jtag_cable_name =~ "Digilent Zybo Z7 210351B0FED1A" && level==0} -index 1' command is executed.
12:10:50 INFO  : 'fpga -state' command is executed.
12:10:50 INFO  : Connected to target on host '127.0.0.1' and port '3121'.
12:10:50 INFO  : Jtag cable 'Digilent Zybo Z7 210351B0FED1A' is selected.
12:10:50 INFO  : 'jtag frequency' command is executed.
12:10:50 INFO  : Sourcing of 'C:/Users/Baptiste/Documents/ENSEA/3D/S10_007_Soc/003_TP2/Zybo-soc-dossier6/seance_4/seance_4.sdk/zybo_7_wrapper_hw_platform_0/ps7_init.tcl' is done.
12:10:50 INFO  : Context for 'APU' is selected.
12:10:53 INFO  : Hardware design information is loaded from 'C:/Users/Baptiste/Documents/ENSEA/3D/S10_007_Soc/003_TP2/Zybo-soc-dossier6/seance_4/seance_4.sdk/zybo_7_wrapper_hw_platform_0/system.hdf'.
12:10:53 INFO  : 'configparams force-mem-access 1' command is executed.
12:10:53 INFO  : Context for 'APU' is selected.
12:10:53 INFO  : 'stop' command is executed.
12:10:54 INFO  : 'ps7_init' command is executed.
12:10:54 INFO  : 'ps7_post_config' command is executed.
12:10:54 INFO  : Context for processor 'ps7_cortexa9_0' is selected.
12:10:54 INFO  : Processor reset is completed for 'ps7_cortexa9_0'.
12:10:54 INFO  : Context for processor 'ps7_cortexa9_0' is selected.
12:10:54 INFO  : The application 'C:/Users/Baptiste/Documents/ENSEA/3D/S10_007_Soc/003_TP2/Zybo-soc-dossier6/seance_4/seance_4.sdk/seance_4/Debug/seance_4.elf' is downloaded to processor 'ps7_cortexa9_0'.
12:10:54 INFO  : 'configparams force-mem-access 0' command is executed.
12:10:54 INFO  : ----------------XSDB Script----------------
connect -url tcp:127.0.0.1:3121
source C:/Users/Baptiste/Documents/ENSEA/3D/S10_007_Soc/003_TP2/Zybo-soc-dossier6/seance_4/seance_4.sdk/zybo_7_wrapper_hw_platform_0/ps7_init.tcl
targets -set -nocase -filter {name =~"APU*" && jtag_cable_name =~ "Digilent Zybo Z7 210351B0FED1A"} -index 0
loadhw -hw C:/Users/Baptiste/Documents/ENSEA/3D/S10_007_Soc/003_TP2/Zybo-soc-dossier6/seance_4/seance_4.sdk/zybo_7_wrapper_hw_platform_0/system.hdf -mem-ranges [list {0x40000000 0xbfffffff}]
configparams force-mem-access 1
targets -set -nocase -filter {name =~"APU*" && jtag_cable_name =~ "Digilent Zybo Z7 210351B0FED1A"} -index 0
stop
ps7_init
ps7_post_config
targets -set -nocase -filter {name =~ "ARM*#0" && jtag_cable_name =~ "Digilent Zybo Z7 210351B0FED1A"} -index 0
rst -processor
targets -set -nocase -filter {name =~ "ARM*#0" && jtag_cable_name =~ "Digilent Zybo Z7 210351B0FED1A"} -index 0
dow C:/Users/Baptiste/Documents/ENSEA/3D/S10_007_Soc/003_TP2/Zybo-soc-dossier6/seance_4/seance_4.sdk/seance_4/Debug/seance_4.elf
configparams force-mem-access 0
----------------End of Script----------------

12:10:54 INFO  : Memory regions updated for context APU
12:10:55 INFO  : Context for processor 'ps7_cortexa9_0' is selected.
12:10:55 INFO  : 'con' command is executed.
12:10:55 INFO  : ----------------XSDB Script (After Launch)----------------
targets -set -nocase -filter {name =~ "ARM*#0" && jtag_cable_name =~ "Digilent Zybo Z7 210351B0FED1A"} -index 0
con
----------------End of Script----------------

12:10:55 INFO  : Launch script is exported to file 'C:\Users\Baptiste\Documents\ENSEA\3D\S10_007_Soc\003_TP2\Zybo-soc-dossier6\seance_4\seance_4.sdk\.sdk\launch_scripts\xilinx_c-c++_application_(system_debugger)\system_debugger_using_debug_seance_4.elf_on_local.tcl'
12:24:45 INFO  : SDK has detected change in the last modified timestamps for source hardware specification file Source:1653647018281,  Project:1653586668716
12:24:45 INFO  : Project zybo_7_wrapper_hw_platform_0's source hardware specification located at C:/Users/Baptiste/Documents/ENSEA/3D/S10_007_Soc/003_TP2/Zybo-soc-dossier6/seance_4/seance_4.sdk/zybo_7_wrapper.hdf is now different from the local copy.
		 The local copy will be replaced with the source specification and your workspace will be updated.
12:24:46 INFO  : Copied contents of C:/Users/Baptiste/Documents/ENSEA/3D/S10_007_Soc/003_TP2/Zybo-soc-dossier6/seance_4/seance_4.sdk/zybo_7_wrapper.hdf into \zybo_7_wrapper_hw_platform_0\system.hdf.
12:24:52 INFO  : Synchronizing projects in the workspace with the hardware platform specification changes.
12:24:55 INFO  : 
12:24:56 INFO  : Updating hardware inferred compiler options for seance_4.
12:24:56 INFO  : Clearing existing target manager status.
12:25:58 INFO  : Disconnected from the channel tcfchan#2.
12:26:00 INFO  : 'targets -set -filter {jtag_cable_name =~ "Digilent Zybo Z7 210351B0FED1A" && level==0} -index 1' command is executed.
12:26:00 INFO  : 'fpga -state' command is executed.
12:26:00 INFO  : Connected to target on host '127.0.0.1' and port '3121'.
12:26:00 INFO  : Jtag cable 'Digilent Zybo Z7 210351B0FED1A' is selected.
12:26:00 INFO  : 'jtag frequency' command is executed.
12:26:00 INFO  : Sourcing of 'C:/Users/Baptiste/Documents/ENSEA/3D/S10_007_Soc/003_TP2/Zybo-soc-dossier6/seance_4/seance_4.sdk/zybo_7_wrapper_hw_platform_0/ps7_init.tcl' is done.
12:26:00 INFO  : Context for 'APU' is selected.
12:26:00 INFO  : Hardware design information is loaded from 'C:/Users/Baptiste/Documents/ENSEA/3D/S10_007_Soc/003_TP2/Zybo-soc-dossier6/seance_4/seance_4.sdk/zybo_7_wrapper_hw_platform_0/system.hdf'.
12:26:00 INFO  : 'configparams force-mem-access 1' command is executed.
12:26:00 INFO  : Context for 'APU' is selected.
12:26:00 INFO  : 'stop' command is executed.
12:26:01 INFO  : 'ps7_init' command is executed.
12:26:01 INFO  : 'ps7_post_config' command is executed.
12:26:01 INFO  : Context for processor 'ps7_cortexa9_0' is selected.
12:26:01 INFO  : Processor reset is completed for 'ps7_cortexa9_0'.
12:26:01 INFO  : Context for processor 'ps7_cortexa9_0' is selected.
12:26:01 INFO  : The application 'C:/Users/Baptiste/Documents/ENSEA/3D/S10_007_Soc/003_TP2/Zybo-soc-dossier6/seance_4/seance_4.sdk/seance_4/Debug/seance_4.elf' is downloaded to processor 'ps7_cortexa9_0'.
12:26:01 INFO  : 'configparams force-mem-access 0' command is executed.
12:26:01 INFO  : ----------------XSDB Script----------------
connect -url tcp:127.0.0.1:3121
source C:/Users/Baptiste/Documents/ENSEA/3D/S10_007_Soc/003_TP2/Zybo-soc-dossier6/seance_4/seance_4.sdk/zybo_7_wrapper_hw_platform_0/ps7_init.tcl
targets -set -nocase -filter {name =~"APU*" && jtag_cable_name =~ "Digilent Zybo Z7 210351B0FED1A"} -index 0
loadhw -hw C:/Users/Baptiste/Documents/ENSEA/3D/S10_007_Soc/003_TP2/Zybo-soc-dossier6/seance_4/seance_4.sdk/zybo_7_wrapper_hw_platform_0/system.hdf -mem-ranges [list {0x40000000 0xbfffffff}]
configparams force-mem-access 1
targets -set -nocase -filter {name =~"APU*" && jtag_cable_name =~ "Digilent Zybo Z7 210351B0FED1A"} -index 0
stop
ps7_init
ps7_post_config
targets -set -nocase -filter {name =~ "ARM*#0" && jtag_cable_name =~ "Digilent Zybo Z7 210351B0FED1A"} -index 0
rst -processor
targets -set -nocase -filter {name =~ "ARM*#0" && jtag_cable_name =~ "Digilent Zybo Z7 210351B0FED1A"} -index 0
dow C:/Users/Baptiste/Documents/ENSEA/3D/S10_007_Soc/003_TP2/Zybo-soc-dossier6/seance_4/seance_4.sdk/seance_4/Debug/seance_4.elf
configparams force-mem-access 0
----------------End of Script----------------

12:26:01 INFO  : Memory regions updated for context APU
12:26:01 INFO  : Context for processor 'ps7_cortexa9_0' is selected.
12:26:01 INFO  : 'con' command is executed.
12:26:01 INFO  : ----------------XSDB Script (After Launch)----------------
targets -set -nocase -filter {name =~ "ARM*#0" && jtag_cable_name =~ "Digilent Zybo Z7 210351B0FED1A"} -index 0
con
----------------End of Script----------------

12:26:01 INFO  : Launch script is exported to file 'C:\Users\Baptiste\Documents\ENSEA\3D\S10_007_Soc\003_TP2\Zybo-soc-dossier6\seance_4\seance_4.sdk\.sdk\launch_scripts\xilinx_c-c++_application_(system_debugger)\system_debugger_using_debug_seance_4.elf_on_local.tcl'
12:26:05 INFO  : Connected to target on host '127.0.0.1' and port '3121'.
12:26:05 INFO  : 'targets -set -filter {jtag_cable_name =~ "Digilent Zybo Z7 210351B0FED1A" && level==0} -index 1' command is executed.
12:26:07 INFO  : FPGA configured successfully with bitstream "C:/Users/Baptiste/Documents/ENSEA/3D/S10_007_Soc/003_TP2/Zybo-soc-dossier6/seance_4/seance_4.sdk/zybo_7_wrapper_hw_platform_0/zybo_7_wrapper.bit"
12:26:16 INFO  : Disconnected from the channel tcfchan#3.
12:26:17 INFO  : 'targets -set -filter {jtag_cable_name =~ "Digilent Zybo Z7 210351B0FED1A" && level==0} -index 1' command is executed.
12:26:17 INFO  : 'fpga -state' command is executed.
12:26:17 INFO  : Connected to target on host '127.0.0.1' and port '3121'.
12:26:17 INFO  : Jtag cable 'Digilent Zybo Z7 210351B0FED1A' is selected.
12:26:17 INFO  : 'jtag frequency' command is executed.
12:26:17 INFO  : Sourcing of 'C:/Users/Baptiste/Documents/ENSEA/3D/S10_007_Soc/003_TP2/Zybo-soc-dossier6/seance_4/seance_4.sdk/zybo_7_wrapper_hw_platform_0/ps7_init.tcl' is done.
12:26:17 INFO  : Context for 'APU' is selected.
12:26:21 INFO  : Hardware design information is loaded from 'C:/Users/Baptiste/Documents/ENSEA/3D/S10_007_Soc/003_TP2/Zybo-soc-dossier6/seance_4/seance_4.sdk/zybo_7_wrapper_hw_platform_0/system.hdf'.
12:26:21 INFO  : 'configparams force-mem-access 1' command is executed.
12:26:21 INFO  : Context for 'APU' is selected.
12:26:21 INFO  : 'stop' command is executed.
12:26:21 INFO  : 'ps7_init' command is executed.
12:26:21 INFO  : 'ps7_post_config' command is executed.
12:26:21 INFO  : Context for processor 'ps7_cortexa9_0' is selected.
12:26:22 INFO  : Processor reset is completed for 'ps7_cortexa9_0'.
12:26:22 INFO  : Context for processor 'ps7_cortexa9_0' is selected.
12:26:22 INFO  : The application 'C:/Users/Baptiste/Documents/ENSEA/3D/S10_007_Soc/003_TP2/Zybo-soc-dossier6/seance_4/seance_4.sdk/seance_4/Debug/seance_4.elf' is downloaded to processor 'ps7_cortexa9_0'.
12:26:22 INFO  : 'configparams force-mem-access 0' command is executed.
12:26:22 INFO  : ----------------XSDB Script----------------
connect -url tcp:127.0.0.1:3121
source C:/Users/Baptiste/Documents/ENSEA/3D/S10_007_Soc/003_TP2/Zybo-soc-dossier6/seance_4/seance_4.sdk/zybo_7_wrapper_hw_platform_0/ps7_init.tcl
targets -set -nocase -filter {name =~"APU*" && jtag_cable_name =~ "Digilent Zybo Z7 210351B0FED1A"} -index 0
loadhw -hw C:/Users/Baptiste/Documents/ENSEA/3D/S10_007_Soc/003_TP2/Zybo-soc-dossier6/seance_4/seance_4.sdk/zybo_7_wrapper_hw_platform_0/system.hdf -mem-ranges [list {0x40000000 0xbfffffff}]
configparams force-mem-access 1
targets -set -nocase -filter {name =~"APU*" && jtag_cable_name =~ "Digilent Zybo Z7 210351B0FED1A"} -index 0
stop
ps7_init
ps7_post_config
targets -set -nocase -filter {name =~ "ARM*#0" && jtag_cable_name =~ "Digilent Zybo Z7 210351B0FED1A"} -index 0
rst -processor
targets -set -nocase -filter {name =~ "ARM*#0" && jtag_cable_name =~ "Digilent Zybo Z7 210351B0FED1A"} -index 0
dow C:/Users/Baptiste/Documents/ENSEA/3D/S10_007_Soc/003_TP2/Zybo-soc-dossier6/seance_4/seance_4.sdk/seance_4/Debug/seance_4.elf
configparams force-mem-access 0
----------------End of Script----------------

12:26:22 INFO  : Memory regions updated for context APU
12:26:22 INFO  : Context for processor 'ps7_cortexa9_0' is selected.
12:26:22 INFO  : 'con' command is executed.
12:26:22 INFO  : ----------------XSDB Script (After Launch)----------------
targets -set -nocase -filter {name =~ "ARM*#0" && jtag_cable_name =~ "Digilent Zybo Z7 210351B0FED1A"} -index 0
con
----------------End of Script----------------

12:26:22 INFO  : Launch script is exported to file 'C:\Users\Baptiste\Documents\ENSEA\3D\S10_007_Soc\003_TP2\Zybo-soc-dossier6\seance_4\seance_4.sdk\.sdk\launch_scripts\xilinx_c-c++_application_(system_debugger)\system_debugger_using_debug_seance_4.elf_on_local.tcl'
12:27:19 INFO  : Disconnected from the channel tcfchan#4.
12:27:20 INFO  : 'targets -set -filter {jtag_cable_name =~ "Digilent Zybo Z7 210351B0FED1A" && level==0} -index 1' command is executed.
12:27:20 INFO  : 'fpga -state' command is executed.
12:27:20 INFO  : Connected to target on host '127.0.0.1' and port '3121'.
12:27:20 INFO  : Jtag cable 'Digilent Zybo Z7 210351B0FED1A' is selected.
12:27:20 INFO  : 'jtag frequency' command is executed.
12:27:20 INFO  : Sourcing of 'C:/Users/Baptiste/Documents/ENSEA/3D/S10_007_Soc/003_TP2/Zybo-soc-dossier6/seance_4/seance_4.sdk/zybo_7_wrapper_hw_platform_0/ps7_init.tcl' is done.
12:27:20 INFO  : Context for 'APU' is selected.
12:27:21 INFO  : Hardware design information is loaded from 'C:/Users/Baptiste/Documents/ENSEA/3D/S10_007_Soc/003_TP2/Zybo-soc-dossier6/seance_4/seance_4.sdk/zybo_7_wrapper_hw_platform_0/system.hdf'.
12:27:21 INFO  : 'configparams force-mem-access 1' command is executed.
12:27:21 INFO  : Context for 'APU' is selected.
12:27:21 INFO  : 'stop' command is executed.
12:27:21 INFO  : 'ps7_init' command is executed.
12:27:21 INFO  : 'ps7_post_config' command is executed.
12:27:21 INFO  : Context for processor 'ps7_cortexa9_0' is selected.
12:27:21 INFO  : Processor reset is completed for 'ps7_cortexa9_0'.
12:27:21 INFO  : Context for processor 'ps7_cortexa9_0' is selected.
12:27:21 INFO  : The application 'C:/Users/Baptiste/Documents/ENSEA/3D/S10_007_Soc/003_TP2/Zybo-soc-dossier6/seance_4/seance_4.sdk/seance_4/Debug/seance_4.elf' is downloaded to processor 'ps7_cortexa9_0'.
12:27:21 INFO  : 'configparams force-mem-access 0' command is executed.
12:27:21 INFO  : ----------------XSDB Script----------------
connect -url tcp:127.0.0.1:3121
source C:/Users/Baptiste/Documents/ENSEA/3D/S10_007_Soc/003_TP2/Zybo-soc-dossier6/seance_4/seance_4.sdk/zybo_7_wrapper_hw_platform_0/ps7_init.tcl
targets -set -nocase -filter {name =~"APU*" && jtag_cable_name =~ "Digilent Zybo Z7 210351B0FED1A"} -index 0
loadhw -hw C:/Users/Baptiste/Documents/ENSEA/3D/S10_007_Soc/003_TP2/Zybo-soc-dossier6/seance_4/seance_4.sdk/zybo_7_wrapper_hw_platform_0/system.hdf -mem-ranges [list {0x40000000 0xbfffffff}]
configparams force-mem-access 1
targets -set -nocase -filter {name =~"APU*" && jtag_cable_name =~ "Digilent Zybo Z7 210351B0FED1A"} -index 0
stop
ps7_init
ps7_post_config
targets -set -nocase -filter {name =~ "ARM*#0" && jtag_cable_name =~ "Digilent Zybo Z7 210351B0FED1A"} -index 0
rst -processor
targets -set -nocase -filter {name =~ "ARM*#0" && jtag_cable_name =~ "Digilent Zybo Z7 210351B0FED1A"} -index 0
dow C:/Users/Baptiste/Documents/ENSEA/3D/S10_007_Soc/003_TP2/Zybo-soc-dossier6/seance_4/seance_4.sdk/seance_4/Debug/seance_4.elf
configparams force-mem-access 0
----------------End of Script----------------

12:27:22 INFO  : Memory regions updated for context APU
12:27:22 INFO  : Context for processor 'ps7_cortexa9_0' is selected.
12:27:22 INFO  : 'con' command is executed.
12:27:22 INFO  : ----------------XSDB Script (After Launch)----------------
targets -set -nocase -filter {name =~ "ARM*#0" && jtag_cable_name =~ "Digilent Zybo Z7 210351B0FED1A"} -index 0
con
----------------End of Script----------------

12:27:22 INFO  : Launch script is exported to file 'C:\Users\Baptiste\Documents\ENSEA\3D\S10_007_Soc\003_TP2\Zybo-soc-dossier6\seance_4\seance_4.sdk\.sdk\launch_scripts\xilinx_c-c++_application_(system_debugger)\system_debugger_using_debug_seance_4.elf_on_local.tcl'
12:27:25 INFO  : Connected to target on host '127.0.0.1' and port '3121'.
12:27:25 INFO  : 'targets -set -filter {jtag_cable_name =~ "Digilent Zybo Z7 210351B0FED1A" && level==0} -index 1' command is executed.
12:27:26 INFO  : FPGA configured successfully with bitstream "C:/Users/Baptiste/Documents/ENSEA/3D/S10_007_Soc/003_TP2/Zybo-soc-dossier6/seance_4/seance_4.sdk/zybo_7_wrapper_hw_platform_0/zybo_7_wrapper.bit"
12:27:30 INFO  : Disconnected from the channel tcfchan#5.
12:27:31 INFO  : 'targets -set -filter {jtag_cable_name =~ "Digilent Zybo Z7 210351B0FED1A" && level==0} -index 1' command is executed.
12:27:31 INFO  : 'fpga -state' command is executed.
12:27:31 INFO  : Connected to target on host '127.0.0.1' and port '3121'.
12:27:32 INFO  : Jtag cable 'Digilent Zybo Z7 210351B0FED1A' is selected.
12:27:32 INFO  : 'jtag frequency' command is executed.
12:27:32 INFO  : Sourcing of 'C:/Users/Baptiste/Documents/ENSEA/3D/S10_007_Soc/003_TP2/Zybo-soc-dossier6/seance_4/seance_4.sdk/zybo_7_wrapper_hw_platform_0/ps7_init.tcl' is done.
12:27:32 INFO  : Context for 'APU' is selected.
12:27:32 INFO  : Hardware design information is loaded from 'C:/Users/Baptiste/Documents/ENSEA/3D/S10_007_Soc/003_TP2/Zybo-soc-dossier6/seance_4/seance_4.sdk/zybo_7_wrapper_hw_platform_0/system.hdf'.
12:27:32 INFO  : 'configparams force-mem-access 1' command is executed.
12:27:32 INFO  : Context for 'APU' is selected.
12:27:32 INFO  : 'stop' command is executed.
12:27:32 INFO  : 'ps7_init' command is executed.
12:27:32 INFO  : 'ps7_post_config' command is executed.
12:27:32 INFO  : Context for processor 'ps7_cortexa9_0' is selected.
12:27:33 INFO  : Processor reset is completed for 'ps7_cortexa9_0'.
12:27:33 INFO  : Context for processor 'ps7_cortexa9_0' is selected.
12:27:33 INFO  : The application 'C:/Users/Baptiste/Documents/ENSEA/3D/S10_007_Soc/003_TP2/Zybo-soc-dossier6/seance_4/seance_4.sdk/seance_4/Debug/seance_4.elf' is downloaded to processor 'ps7_cortexa9_0'.
12:27:33 INFO  : 'configparams force-mem-access 0' command is executed.
12:27:33 INFO  : ----------------XSDB Script----------------
connect -url tcp:127.0.0.1:3121
source C:/Users/Baptiste/Documents/ENSEA/3D/S10_007_Soc/003_TP2/Zybo-soc-dossier6/seance_4/seance_4.sdk/zybo_7_wrapper_hw_platform_0/ps7_init.tcl
targets -set -nocase -filter {name =~"APU*" && jtag_cable_name =~ "Digilent Zybo Z7 210351B0FED1A"} -index 0
loadhw -hw C:/Users/Baptiste/Documents/ENSEA/3D/S10_007_Soc/003_TP2/Zybo-soc-dossier6/seance_4/seance_4.sdk/zybo_7_wrapper_hw_platform_0/system.hdf -mem-ranges [list {0x40000000 0xbfffffff}]
configparams force-mem-access 1
targets -set -nocase -filter {name =~"APU*" && jtag_cable_name =~ "Digilent Zybo Z7 210351B0FED1A"} -index 0
stop
ps7_init
ps7_post_config
targets -set -nocase -filter {name =~ "ARM*#0" && jtag_cable_name =~ "Digilent Zybo Z7 210351B0FED1A"} -index 0
rst -processor
targets -set -nocase -filter {name =~ "ARM*#0" && jtag_cable_name =~ "Digilent Zybo Z7 210351B0FED1A"} -index 0
dow C:/Users/Baptiste/Documents/ENSEA/3D/S10_007_Soc/003_TP2/Zybo-soc-dossier6/seance_4/seance_4.sdk/seance_4/Debug/seance_4.elf
configparams force-mem-access 0
----------------End of Script----------------

12:27:33 INFO  : Memory regions updated for context APU
12:27:33 INFO  : Context for processor 'ps7_cortexa9_0' is selected.
12:27:33 INFO  : 'con' command is executed.
12:27:33 INFO  : ----------------XSDB Script (After Launch)----------------
targets -set -nocase -filter {name =~ "ARM*#0" && jtag_cable_name =~ "Digilent Zybo Z7 210351B0FED1A"} -index 0
con
----------------End of Script----------------

12:27:33 INFO  : Launch script is exported to file 'C:\Users\Baptiste\Documents\ENSEA\3D\S10_007_Soc\003_TP2\Zybo-soc-dossier6\seance_4\seance_4.sdk\.sdk\launch_scripts\xilinx_c-c++_application_(system_debugger)\system_debugger_using_debug_seance_4.elf_on_local.tcl'
12:33:11 INFO  : Disconnected from the channel tcfchan#6.
12:33:12 INFO  : 'targets -set -filter {jtag_cable_name =~ "Digilent Zybo Z7 210351B0FED1A" && level==0} -index 1' command is executed.
12:33:12 INFO  : 'fpga -state' command is executed.
12:33:12 INFO  : Connected to target on host '127.0.0.1' and port '3121'.
12:33:13 INFO  : Jtag cable 'Digilent Zybo Z7 210351B0FED1A' is selected.
12:33:13 INFO  : 'jtag frequency' command is executed.
12:33:13 INFO  : Sourcing of 'C:/Users/Baptiste/Documents/ENSEA/3D/S10_007_Soc/003_TP2/Zybo-soc-dossier6/seance_4/seance_4.sdk/zybo_7_wrapper_hw_platform_0/ps7_init.tcl' is done.
12:33:13 INFO  : Context for 'APU' is selected.
12:33:13 INFO  : Hardware design information is loaded from 'C:/Users/Baptiste/Documents/ENSEA/3D/S10_007_Soc/003_TP2/Zybo-soc-dossier6/seance_4/seance_4.sdk/zybo_7_wrapper_hw_platform_0/system.hdf'.
12:33:13 INFO  : 'configparams force-mem-access 1' command is executed.
12:33:13 INFO  : Context for 'APU' is selected.
12:33:13 INFO  : 'stop' command is executed.
12:33:13 INFO  : 'ps7_init' command is executed.
12:33:13 INFO  : 'ps7_post_config' command is executed.
12:33:13 INFO  : Context for processor 'ps7_cortexa9_0' is selected.
12:33:13 INFO  : Processor reset is completed for 'ps7_cortexa9_0'.
12:33:13 INFO  : Context for processor 'ps7_cortexa9_0' is selected.
12:33:14 INFO  : The application 'C:/Users/Baptiste/Documents/ENSEA/3D/S10_007_Soc/003_TP2/Zybo-soc-dossier6/seance_4/seance_4.sdk/seance_4/Debug/seance_4.elf' is downloaded to processor 'ps7_cortexa9_0'.
12:33:14 INFO  : 'configparams force-mem-access 0' command is executed.
12:33:14 INFO  : ----------------XSDB Script----------------
connect -url tcp:127.0.0.1:3121
source C:/Users/Baptiste/Documents/ENSEA/3D/S10_007_Soc/003_TP2/Zybo-soc-dossier6/seance_4/seance_4.sdk/zybo_7_wrapper_hw_platform_0/ps7_init.tcl
targets -set -nocase -filter {name =~"APU*" && jtag_cable_name =~ "Digilent Zybo Z7 210351B0FED1A"} -index 0
loadhw -hw C:/Users/Baptiste/Documents/ENSEA/3D/S10_007_Soc/003_TP2/Zybo-soc-dossier6/seance_4/seance_4.sdk/zybo_7_wrapper_hw_platform_0/system.hdf -mem-ranges [list {0x40000000 0xbfffffff}]
configparams force-mem-access 1
targets -set -nocase -filter {name =~"APU*" && jtag_cable_name =~ "Digilent Zybo Z7 210351B0FED1A"} -index 0
stop
ps7_init
ps7_post_config
targets -set -nocase -filter {name =~ "ARM*#0" && jtag_cable_name =~ "Digilent Zybo Z7 210351B0FED1A"} -index 0
rst -processor
targets -set -nocase -filter {name =~ "ARM*#0" && jtag_cable_name =~ "Digilent Zybo Z7 210351B0FED1A"} -index 0
dow C:/Users/Baptiste/Documents/ENSEA/3D/S10_007_Soc/003_TP2/Zybo-soc-dossier6/seance_4/seance_4.sdk/seance_4/Debug/seance_4.elf
configparams force-mem-access 0
----------------End of Script----------------

12:33:14 INFO  : Memory regions updated for context APU
12:33:14 INFO  : Context for processor 'ps7_cortexa9_0' is selected.
12:33:14 INFO  : 'con' command is executed.
12:33:14 INFO  : ----------------XSDB Script (After Launch)----------------
targets -set -nocase -filter {name =~ "ARM*#0" && jtag_cable_name =~ "Digilent Zybo Z7 210351B0FED1A"} -index 0
con
----------------End of Script----------------

12:33:14 INFO  : Launch script is exported to file 'C:\Users\Baptiste\Documents\ENSEA\3D\S10_007_Soc\003_TP2\Zybo-soc-dossier6\seance_4\seance_4.sdk\.sdk\launch_scripts\xilinx_c-c++_application_(system_debugger)\system_debugger_using_debug_seance_4.elf_on_local.tcl'
12:34:29 INFO  : Connected to target on host '127.0.0.1' and port '3121'.
12:34:29 INFO  : 'targets -set -filter {jtag_cable_name =~ "Digilent Zybo Z7 210351B0FED1A" && level==0} -index 1' command is executed.
12:34:30 INFO  : FPGA configured successfully with bitstream "C:/Users/Baptiste/Documents/ENSEA/3D/S10_007_Soc/003_TP2/Zybo-soc-dossier6/seance_4/seance_4.sdk/zybo_7_wrapper_hw_platform_0/zybo_7_wrapper.bit"
12:34:35 INFO  : Disconnected from the channel tcfchan#7.
12:34:36 INFO  : 'targets -set -filter {jtag_cable_name =~ "Digilent Zybo Z7 210351B0FED1A" && level==0} -index 1' command is executed.
12:34:36 INFO  : 'fpga -state' command is executed.
12:34:36 INFO  : Connected to target on host '127.0.0.1' and port '3121'.
12:34:36 INFO  : Jtag cable 'Digilent Zybo Z7 210351B0FED1A' is selected.
12:34:36 INFO  : 'jtag frequency' command is executed.
12:34:36 INFO  : Sourcing of 'C:/Users/Baptiste/Documents/ENSEA/3D/S10_007_Soc/003_TP2/Zybo-soc-dossier6/seance_4/seance_4.sdk/zybo_7_wrapper_hw_platform_0/ps7_init.tcl' is done.
12:34:36 INFO  : Context for 'APU' is selected.
12:34:36 INFO  : Hardware design information is loaded from 'C:/Users/Baptiste/Documents/ENSEA/3D/S10_007_Soc/003_TP2/Zybo-soc-dossier6/seance_4/seance_4.sdk/zybo_7_wrapper_hw_platform_0/system.hdf'.
12:34:36 INFO  : 'configparams force-mem-access 1' command is executed.
12:34:36 INFO  : Context for 'APU' is selected.
12:34:36 INFO  : 'stop' command is executed.
12:34:37 INFO  : 'ps7_init' command is executed.
12:34:37 INFO  : 'ps7_post_config' command is executed.
12:34:37 INFO  : Context for processor 'ps7_cortexa9_0' is selected.
12:34:37 INFO  : Processor reset is completed for 'ps7_cortexa9_0'.
12:34:37 INFO  : Context for processor 'ps7_cortexa9_0' is selected.
12:34:37 INFO  : The application 'C:/Users/Baptiste/Documents/ENSEA/3D/S10_007_Soc/003_TP2/Zybo-soc-dossier6/seance_4/seance_4.sdk/seance_4/Debug/seance_4.elf' is downloaded to processor 'ps7_cortexa9_0'.
12:34:37 INFO  : 'configparams force-mem-access 0' command is executed.
12:34:37 INFO  : ----------------XSDB Script----------------
connect -url tcp:127.0.0.1:3121
source C:/Users/Baptiste/Documents/ENSEA/3D/S10_007_Soc/003_TP2/Zybo-soc-dossier6/seance_4/seance_4.sdk/zybo_7_wrapper_hw_platform_0/ps7_init.tcl
targets -set -nocase -filter {name =~"APU*" && jtag_cable_name =~ "Digilent Zybo Z7 210351B0FED1A"} -index 0
loadhw -hw C:/Users/Baptiste/Documents/ENSEA/3D/S10_007_Soc/003_TP2/Zybo-soc-dossier6/seance_4/seance_4.sdk/zybo_7_wrapper_hw_platform_0/system.hdf -mem-ranges [list {0x40000000 0xbfffffff}]
configparams force-mem-access 1
targets -set -nocase -filter {name =~"APU*" && jtag_cable_name =~ "Digilent Zybo Z7 210351B0FED1A"} -index 0
stop
ps7_init
ps7_post_config
targets -set -nocase -filter {name =~ "ARM*#0" && jtag_cable_name =~ "Digilent Zybo Z7 210351B0FED1A"} -index 0
rst -processor
targets -set -nocase -filter {name =~ "ARM*#0" && jtag_cable_name =~ "Digilent Zybo Z7 210351B0FED1A"} -index 0
dow C:/Users/Baptiste/Documents/ENSEA/3D/S10_007_Soc/003_TP2/Zybo-soc-dossier6/seance_4/seance_4.sdk/seance_4/Debug/seance_4.elf
configparams force-mem-access 0
----------------End of Script----------------

12:34:37 INFO  : Memory regions updated for context APU
12:34:37 INFO  : Context for processor 'ps7_cortexa9_0' is selected.
12:34:37 INFO  : 'con' command is executed.
12:34:37 INFO  : ----------------XSDB Script (After Launch)----------------
targets -set -nocase -filter {name =~ "ARM*#0" && jtag_cable_name =~ "Digilent Zybo Z7 210351B0FED1A"} -index 0
con
----------------End of Script----------------

12:34:37 INFO  : Launch script is exported to file 'C:\Users\Baptiste\Documents\ENSEA\3D\S10_007_Soc\003_TP2\Zybo-soc-dossier6\seance_4\seance_4.sdk\.sdk\launch_scripts\xilinx_c-c++_application_(system_debugger)\system_debugger_using_debug_seance_4.elf_on_local.tcl'
12:35:19 INFO  : Disconnected from the channel tcfchan#8.
12:35:20 INFO  : 'targets -set -filter {jtag_cable_name =~ "Digilent Zybo Z7 210351B0FED1A" && level==0} -index 1' command is executed.
12:35:20 INFO  : 'fpga -state' command is executed.
12:35:20 INFO  : Connected to target on host '127.0.0.1' and port '3121'.
12:35:20 INFO  : Jtag cable 'Digilent Zybo Z7 210351B0FED1A' is selected.
12:35:20 INFO  : 'jtag frequency' command is executed.
12:35:20 INFO  : Sourcing of 'C:/Users/Baptiste/Documents/ENSEA/3D/S10_007_Soc/003_TP2/Zybo-soc-dossier6/seance_4/seance_4.sdk/zybo_7_wrapper_hw_platform_0/ps7_init.tcl' is done.
12:35:20 INFO  : Context for 'APU' is selected.
12:35:20 INFO  : Hardware design information is loaded from 'C:/Users/Baptiste/Documents/ENSEA/3D/S10_007_Soc/003_TP2/Zybo-soc-dossier6/seance_4/seance_4.sdk/zybo_7_wrapper_hw_platform_0/system.hdf'.
12:35:20 INFO  : 'configparams force-mem-access 1' command is executed.
12:35:20 INFO  : Context for 'APU' is selected.
12:35:20 INFO  : 'stop' command is executed.
12:35:21 INFO  : 'ps7_init' command is executed.
12:35:21 INFO  : 'ps7_post_config' command is executed.
12:35:21 INFO  : Context for processor 'ps7_cortexa9_0' is selected.
12:35:21 INFO  : Processor reset is completed for 'ps7_cortexa9_0'.
12:35:21 INFO  : Context for processor 'ps7_cortexa9_0' is selected.
12:35:21 INFO  : The application 'C:/Users/Baptiste/Documents/ENSEA/3D/S10_007_Soc/003_TP2/Zybo-soc-dossier6/seance_4/seance_4.sdk/seance_4/Debug/seance_4.elf' is downloaded to processor 'ps7_cortexa9_0'.
12:35:21 INFO  : 'configparams force-mem-access 0' command is executed.
12:35:21 INFO  : ----------------XSDB Script----------------
connect -url tcp:127.0.0.1:3121
source C:/Users/Baptiste/Documents/ENSEA/3D/S10_007_Soc/003_TP2/Zybo-soc-dossier6/seance_4/seance_4.sdk/zybo_7_wrapper_hw_platform_0/ps7_init.tcl
targets -set -nocase -filter {name =~"APU*" && jtag_cable_name =~ "Digilent Zybo Z7 210351B0FED1A"} -index 0
loadhw -hw C:/Users/Baptiste/Documents/ENSEA/3D/S10_007_Soc/003_TP2/Zybo-soc-dossier6/seance_4/seance_4.sdk/zybo_7_wrapper_hw_platform_0/system.hdf -mem-ranges [list {0x40000000 0xbfffffff}]
configparams force-mem-access 1
targets -set -nocase -filter {name =~"APU*" && jtag_cable_name =~ "Digilent Zybo Z7 210351B0FED1A"} -index 0
stop
ps7_init
ps7_post_config
targets -set -nocase -filter {name =~ "ARM*#0" && jtag_cable_name =~ "Digilent Zybo Z7 210351B0FED1A"} -index 0
rst -processor
targets -set -nocase -filter {name =~ "ARM*#0" && jtag_cable_name =~ "Digilent Zybo Z7 210351B0FED1A"} -index 0
dow C:/Users/Baptiste/Documents/ENSEA/3D/S10_007_Soc/003_TP2/Zybo-soc-dossier6/seance_4/seance_4.sdk/seance_4/Debug/seance_4.elf
configparams force-mem-access 0
----------------End of Script----------------

12:35:21 INFO  : Memory regions updated for context APU
12:35:21 INFO  : Context for processor 'ps7_cortexa9_0' is selected.
12:35:21 INFO  : 'con' command is executed.
12:35:21 INFO  : ----------------XSDB Script (After Launch)----------------
targets -set -nocase -filter {name =~ "ARM*#0" && jtag_cable_name =~ "Digilent Zybo Z7 210351B0FED1A"} -index 0
con
----------------End of Script----------------

12:35:21 INFO  : Launch script is exported to file 'C:\Users\Baptiste\Documents\ENSEA\3D\S10_007_Soc\003_TP2\Zybo-soc-dossier6\seance_4\seance_4.sdk\.sdk\launch_scripts\xilinx_c-c++_application_(system_debugger)\system_debugger_using_debug_seance_4.elf_on_local.tcl'
12:35:39 INFO  : Disconnected from the channel tcfchan#9.
12:35:40 INFO  : 'targets -set -filter {jtag_cable_name =~ "Digilent Zybo Z7 210351B0FED1A" && level==0} -index 1' command is executed.
12:35:40 INFO  : 'fpga -state' command is executed.
12:35:40 INFO  : Connected to target on host '127.0.0.1' and port '3121'.
12:35:40 INFO  : Jtag cable 'Digilent Zybo Z7 210351B0FED1A' is selected.
12:35:40 INFO  : 'jtag frequency' command is executed.
12:35:40 INFO  : Sourcing of 'C:/Users/Baptiste/Documents/ENSEA/3D/S10_007_Soc/003_TP2/Zybo-soc-dossier6/seance_4/seance_4.sdk/zybo_7_wrapper_hw_platform_0/ps7_init.tcl' is done.
12:35:40 INFO  : Context for 'APU' is selected.
12:35:41 INFO  : Hardware design information is loaded from 'C:/Users/Baptiste/Documents/ENSEA/3D/S10_007_Soc/003_TP2/Zybo-soc-dossier6/seance_4/seance_4.sdk/zybo_7_wrapper_hw_platform_0/system.hdf'.
12:35:41 INFO  : 'configparams force-mem-access 1' command is executed.
12:35:41 INFO  : Context for 'APU' is selected.
12:35:41 INFO  : 'stop' command is executed.
12:35:41 INFO  : 'ps7_init' command is executed.
12:35:41 INFO  : 'ps7_post_config' command is executed.
12:35:41 INFO  : Context for processor 'ps7_cortexa9_0' is selected.
12:35:41 INFO  : Processor reset is completed for 'ps7_cortexa9_0'.
12:35:41 INFO  : Context for processor 'ps7_cortexa9_0' is selected.
12:35:41 INFO  : The application 'C:/Users/Baptiste/Documents/ENSEA/3D/S10_007_Soc/003_TP2/Zybo-soc-dossier6/seance_4/seance_4.sdk/seance_4/Debug/seance_4.elf' is downloaded to processor 'ps7_cortexa9_0'.
12:35:41 INFO  : 'configparams force-mem-access 0' command is executed.
12:35:41 INFO  : ----------------XSDB Script----------------
connect -url tcp:127.0.0.1:3121
source C:/Users/Baptiste/Documents/ENSEA/3D/S10_007_Soc/003_TP2/Zybo-soc-dossier6/seance_4/seance_4.sdk/zybo_7_wrapper_hw_platform_0/ps7_init.tcl
targets -set -nocase -filter {name =~"APU*" && jtag_cable_name =~ "Digilent Zybo Z7 210351B0FED1A"} -index 0
loadhw -hw C:/Users/Baptiste/Documents/ENSEA/3D/S10_007_Soc/003_TP2/Zybo-soc-dossier6/seance_4/seance_4.sdk/zybo_7_wrapper_hw_platform_0/system.hdf -mem-ranges [list {0x40000000 0xbfffffff}]
configparams force-mem-access 1
targets -set -nocase -filter {name =~"APU*" && jtag_cable_name =~ "Digilent Zybo Z7 210351B0FED1A"} -index 0
stop
ps7_init
ps7_post_config
targets -set -nocase -filter {name =~ "ARM*#0" && jtag_cable_name =~ "Digilent Zybo Z7 210351B0FED1A"} -index 0
rst -processor
targets -set -nocase -filter {name =~ "ARM*#0" && jtag_cable_name =~ "Digilent Zybo Z7 210351B0FED1A"} -index 0
dow C:/Users/Baptiste/Documents/ENSEA/3D/S10_007_Soc/003_TP2/Zybo-soc-dossier6/seance_4/seance_4.sdk/seance_4/Debug/seance_4.elf
configparams force-mem-access 0
----------------End of Script----------------

12:35:42 INFO  : Memory regions updated for context APU
12:35:42 INFO  : Context for processor 'ps7_cortexa9_0' is selected.
12:35:42 INFO  : 'con' command is executed.
12:35:42 INFO  : ----------------XSDB Script (After Launch)----------------
targets -set -nocase -filter {name =~ "ARM*#0" && jtag_cable_name =~ "Digilent Zybo Z7 210351B0FED1A"} -index 0
con
----------------End of Script----------------

12:35:42 INFO  : Launch script is exported to file 'C:\Users\Baptiste\Documents\ENSEA\3D\S10_007_Soc\003_TP2\Zybo-soc-dossier6\seance_4\seance_4.sdk\.sdk\launch_scripts\xilinx_c-c++_application_(system_debugger)\system_debugger_using_debug_seance_4.elf_on_local.tcl'
12:36:05 INFO  : Disconnected from the channel tcfchan#10.
12:36:06 INFO  : 'targets -set -filter {jtag_cable_name =~ "Digilent Zybo Z7 210351B0FED1A" && level==0} -index 1' command is executed.
12:36:06 INFO  : 'fpga -state' command is executed.
12:36:06 INFO  : Connected to target on host '127.0.0.1' and port '3121'.
12:36:06 INFO  : Jtag cable 'Digilent Zybo Z7 210351B0FED1A' is selected.
12:36:06 INFO  : 'jtag frequency' command is executed.
12:36:06 INFO  : Sourcing of 'C:/Users/Baptiste/Documents/ENSEA/3D/S10_007_Soc/003_TP2/Zybo-soc-dossier6/seance_4/seance_4.sdk/zybo_7_wrapper_hw_platform_0/ps7_init.tcl' is done.
12:36:06 INFO  : Context for 'APU' is selected.
12:36:06 INFO  : Hardware design information is loaded from 'C:/Users/Baptiste/Documents/ENSEA/3D/S10_007_Soc/003_TP2/Zybo-soc-dossier6/seance_4/seance_4.sdk/zybo_7_wrapper_hw_platform_0/system.hdf'.
12:36:06 INFO  : 'configparams force-mem-access 1' command is executed.
12:36:06 INFO  : Context for 'APU' is selected.
12:36:06 INFO  : 'stop' command is executed.
12:36:07 INFO  : 'ps7_init' command is executed.
12:36:07 INFO  : 'ps7_post_config' command is executed.
12:36:07 INFO  : Context for processor 'ps7_cortexa9_0' is selected.
12:36:07 INFO  : Processor reset is completed for 'ps7_cortexa9_0'.
12:36:07 INFO  : Context for processor 'ps7_cortexa9_0' is selected.
12:36:07 INFO  : The application 'C:/Users/Baptiste/Documents/ENSEA/3D/S10_007_Soc/003_TP2/Zybo-soc-dossier6/seance_4/seance_4.sdk/seance_4/Debug/seance_4.elf' is downloaded to processor 'ps7_cortexa9_0'.
12:36:07 INFO  : 'configparams force-mem-access 0' command is executed.
12:36:07 INFO  : ----------------XSDB Script----------------
connect -url tcp:127.0.0.1:3121
source C:/Users/Baptiste/Documents/ENSEA/3D/S10_007_Soc/003_TP2/Zybo-soc-dossier6/seance_4/seance_4.sdk/zybo_7_wrapper_hw_platform_0/ps7_init.tcl
targets -set -nocase -filter {name =~"APU*" && jtag_cable_name =~ "Digilent Zybo Z7 210351B0FED1A"} -index 0
loadhw -hw C:/Users/Baptiste/Documents/ENSEA/3D/S10_007_Soc/003_TP2/Zybo-soc-dossier6/seance_4/seance_4.sdk/zybo_7_wrapper_hw_platform_0/system.hdf -mem-ranges [list {0x40000000 0xbfffffff}]
configparams force-mem-access 1
targets -set -nocase -filter {name =~"APU*" && jtag_cable_name =~ "Digilent Zybo Z7 210351B0FED1A"} -index 0
stop
ps7_init
ps7_post_config
targets -set -nocase -filter {name =~ "ARM*#0" && jtag_cable_name =~ "Digilent Zybo Z7 210351B0FED1A"} -index 0
rst -processor
targets -set -nocase -filter {name =~ "ARM*#0" && jtag_cable_name =~ "Digilent Zybo Z7 210351B0FED1A"} -index 0
dow C:/Users/Baptiste/Documents/ENSEA/3D/S10_007_Soc/003_TP2/Zybo-soc-dossier6/seance_4/seance_4.sdk/seance_4/Debug/seance_4.elf
configparams force-mem-access 0
----------------End of Script----------------

12:36:07 INFO  : Memory regions updated for context APU
12:36:07 INFO  : Context for processor 'ps7_cortexa9_0' is selected.
12:36:07 INFO  : 'con' command is executed.
12:36:07 INFO  : ----------------XSDB Script (After Launch)----------------
targets -set -nocase -filter {name =~ "ARM*#0" && jtag_cable_name =~ "Digilent Zybo Z7 210351B0FED1A"} -index 0
con
----------------End of Script----------------

12:36:07 INFO  : Launch script is exported to file 'C:\Users\Baptiste\Documents\ENSEA\3D\S10_007_Soc\003_TP2\Zybo-soc-dossier6\seance_4\seance_4.sdk\.sdk\launch_scripts\xilinx_c-c++_application_(system_debugger)\system_debugger_using_debug_seance_4.elf_on_local.tcl'
