Copyright 1986-2019 Xilinx, Inc. All Rights Reserved.
-------------------------------------------------------------------------------------------
| Tool Version : Vivado v.2019.1 (win64) Build 2552052 Fri May 24 14:49:42 MDT 2019
| Date         : Fri May 27 12:22:45 2022
| Host         : Titania running 64-bit major release  (build 9200)
| Command      : report_control_sets -verbose -file zybo_7_wrapper_control_sets_placed.rpt
| Design       : zybo_7_wrapper
| Device       : xc7z010
-------------------------------------------------------------------------------------------

Control Set Information

Table of Contents
-----------------
1. Summary
2. Histogram
3. Flip-Flop Distribution
4. Detailed Control Set Information

1. Summary
----------

+----------------------------------------------------------+-------+
|                          Status                          | Count |
+----------------------------------------------------------+-------+
| Total control sets                                       |    54 |
|    Minimum number of control sets                        |    54 |
|    Addition due to synthesis replication                 |     0 |
|    Addition due to physical synthesis replication        |     0 |
| Unused register locations in slices containing registers |    83 |
+----------------------------------------------------------+-------+
* Control sets can be merged at opt_design using control_set_merge or merge_equivalent_drivers
** Run report_qor_suggestions for automated merging and remapping suggestions


2. Histogram
------------

+--------------------+-------+
|       Fanout       | Count |
+--------------------+-------+
| Total control sets |    54 |
| >= 0 to < 4        |     1 |
| >= 4 to < 6        |     9 |
| >= 6 to < 8        |     2 |
| >= 8 to < 10       |    28 |
| >= 10 to < 12      |     1 |
| >= 12 to < 14      |     1 |
| >= 14 to < 16      |     2 |
| >= 16              |    10 |
+--------------------+-------+
* Control sets can be remapped at either synth_design or opt_design


3. Flip-Flop Distribution
-------------------------

+--------------+-----------------------+------------------------+-----------------+--------------+
| Clock Enable | Synchronous Set/Reset | Asynchronous Set/Reset | Total Registers | Total Slices |
+--------------+-----------------------+------------------------+-----------------+--------------+
| No           | No                    | No                     |             117 |           35 |
| No           | No                    | Yes                    |               0 |            0 |
| No           | Yes                   | No                     |              28 |           13 |
| Yes          | No                    | No                     |             248 |           65 |
| Yes          | No                    | Yes                    |               0 |            0 |
| Yes          | Yes                   | No                     |             212 |           56 |
+--------------+-----------------------+------------------------+-----------------+--------------+


4. Detailed Control Set Information
-----------------------------------

+------------------------------------------------------------------------------+--------------------------------------------------------------------------------------------------------------------------------------------------------------+-----------------------------------------------------------------------------------------------------------------------------------------------------+------------------+----------------+
|                                 Clock Signal                                 |                                                                         Enable Signal                                                                        |                                                                   Set/Reset Signal                                                                  | Slice Load Count | Bel Load Count |
+------------------------------------------------------------------------------+--------------------------------------------------------------------------------------------------------------------------------------------------------------+-----------------------------------------------------------------------------------------------------------------------------------------------------+------------------+----------------+
|  zybo_7_i/processing_system7_0/inst/FCLK_CLK0                                | zybo_7_i/ps7_0_axi_periph/s00_couplers/auto_pc/inst/gen_axilite.gen_b2s_conv.axilite_b2s/WR.b_channel_0/bid_fifo_0/bresp_push                                |                                                                                                                                                     |                1 |              2 |
|  zybo_7_i/processing_system7_0/inst/FCLK_CLK0                                |                                                                                                                                                              | zybo_7_i/rst_ps7_0_50M/U0/EXT_LPF/lpf_int                                                                                                           |                2 |              4 |
|  zybo_7_i/processing_system7_0/inst/FCLK_CLK0                                |                                                                                                                                                              | zybo_7_i/ps7_0_axi_periph/s00_couplers/auto_pc/inst/gen_axilite.gen_b2s_conv.axilite_b2s/SI_REG/ar.ar_pipe/aresetn_d_reg[1]_inv_0                   |                2 |              4 |
|  zybo_7_i/processing_system7_0/inst/FCLK_CLK0                                |                                                                                                                                                              | zybo_7_i/ps7_0_axi_periph/s00_couplers/auto_pc/inst/gen_axilite.gen_b2s_conv.axilite_b2s/SI_REG/aw.aw_pipe/aresetn_d_reg[0]_0                       |                2 |              4 |
|  zybo_7_i/processing_system7_0/inst/FCLK_CLK0                                | zybo_7_i/macc_ip_0/U0/macc_ip_v1_0_S00_AXI_inst/axi_arready0                                                                                                 | zybo_7_i/macc_ip_0/U0/macc_ip_v1_0_S00_AXI_inst/axi_awready_i_1_n_0                                                                                 |                2 |              5 |
|  zybo_7_i/processing_system7_0/inst/FCLK_CLK0                                | zybo_7_i/ps7_0_axi_periph/s00_couplers/auto_pc/inst/gen_axilite.gen_b2s_conv.axilite_b2s/WR.aw_channel_0/aw_cmd_fsm_0/m_valid_i_reg_0                        | zybo_7_i/ps7_0_axi_periph/s00_couplers/auto_pc/inst/gen_axilite.gen_b2s_conv.axilite_b2s/WR.aw_channel_0/aw_cmd_fsm_0/m_valid_i_reg                 |                2 |              5 |
|  zybo_7_i/processing_system7_0/inst/FCLK_CLK0                                | zybo_7_i/ps7_0_axi_periph/s00_couplers/auto_pc/inst/gen_axilite.gen_b2s_conv.axilite_b2s/RD.ar_channel_0/ar_cmd_fsm_0/m_axi_arready_0                        | zybo_7_i/ps7_0_axi_periph/s00_couplers/auto_pc/inst/gen_axilite.gen_b2s_conv.axilite_b2s/RD.ar_channel_0/ar_cmd_fsm_0/FSM_sequential_state_reg[1]_0 |                3 |              5 |
|  zybo_7_i/processing_system7_0/inst/FCLK_CLK0                                | zybo_7_i/macc_ip_0/U0/macc_ip_v1_0_S00_AXI_inst/axi_awready0                                                                                                 | zybo_7_i/macc_ip_0/U0/macc_ip_v1_0_S00_AXI_inst/axi_awready_i_1_n_0                                                                                 |                2 |              5 |
|  zybo_7_i/processing_system7_0/inst/FCLK_CLK0                                | zybo_7_i/ps7_0_axi_periph/s00_couplers/auto_pc/inst/gen_axilite.gen_b2s_conv.axilite_b2s/RD.r_channel_0/transaction_fifo_0/cnt_read[4]_i_1__0_n_0            | zybo_7_i/ps7_0_axi_periph/s00_couplers/auto_pc/inst/gen_axilite.gen_b2s_conv.axilite_b2s/areset_d1                                                  |                1 |              5 |
|  zybo_7_i/processing_system7_0/inst/FCLK_CLK0                                | zybo_7_i/ps7_0_axi_periph/s00_couplers/auto_pc/inst/gen_axilite.gen_b2s_conv.axilite_b2s/RD.r_channel_0/transaction_fifo_0/E[0]                              | zybo_7_i/ps7_0_axi_periph/s00_couplers/auto_pc/inst/gen_axilite.gen_b2s_conv.axilite_b2s/areset_d1                                                  |                2 |              5 |
|  zybo_7_i/processing_system7_0/inst/FCLK_CLK0                                |                                                                                                                                                              | zybo_7_i/macc_ip_0/U0/macc_ip_v1_0_S00_AXI_inst/axi_awready_i_1_n_0                                                                                 |                3 |              6 |
|  zybo_7_i/processing_system7_0/inst/FCLK_CLK0                                | zybo_7_i/rst_ps7_0_50M/U0/SEQ/seq_cnt_en                                                                                                                     | zybo_7_i/rst_ps7_0_50M/U0/SEQ/SEQ_COUNTER/clear                                                                                                     |                1 |              6 |
|  zybo_7_i/processing_system7_0/inst/FCLK_CLK0                                | zybo_7_i/ps7_0_axi_periph/s00_couplers/auto_pc/inst/gen_axilite.gen_b2s_conv.axilite_b2s/RD.ar_channel_0/ar_cmd_fsm_0/sel_first_reg[0]                       |                                                                                                                                                     |                2 |              8 |
|  zybo_7_i/processing_system7_0/inst/FCLK_CLK0                                | zybo_7_i/macc_ip_0/U0/macc_ip_v1_0_S00_AXI_inst/table2[1]_8                                                                                                  | zybo_7_i/macc_ip_0/U0/macc_ip_v1_0_S00_AXI_inst/axi_awready_i_1_n_0                                                                                 |                2 |              8 |
|  zybo_7_i/processing_system7_0/inst/FCLK_CLK0                                | zybo_7_i/macc_ip_0/U0/macc_ip_v1_0_S00_AXI_inst/table1[4]_17                                                                                                 | zybo_7_i/macc_ip_0/U0/macc_ip_v1_0_S00_AXI_inst/axi_awready_i_1_n_0                                                                                 |                2 |              8 |
|  zybo_7_i/processing_system7_0/inst/FCLK_CLK0                                | zybo_7_i/macc_ip_0/U0/macc_ip_v1_0_S00_AXI_inst/table1[3]_9                                                                                                  | zybo_7_i/macc_ip_0/U0/macc_ip_v1_0_S00_AXI_inst/axi_awready_i_1_n_0                                                                                 |                3 |              8 |
|  zybo_7_i/processing_system7_0/inst/FCLK_CLK0                                | zybo_7_i/macc_ip_0/U0/macc_ip_v1_0_S00_AXI_inst/table1[9]_11                                                                                                 | zybo_7_i/macc_ip_0/U0/macc_ip_v1_0_S00_AXI_inst/axi_awready_i_1_n_0                                                                                 |                2 |              8 |
|  zybo_7_i/processing_system7_0/inst/FCLK_CLK0                                | zybo_7_i/macc_ip_0/U0/macc_ip_v1_0_S00_AXI_inst/table2[0][7]_i_1_n_0                                                                                         | zybo_7_i/macc_ip_0/U0/macc_ip_v1_0_S00_AXI_inst/axi_awready_i_1_n_0                                                                                 |                2 |              8 |
|  zybo_7_i/processing_system7_0/inst/FCLK_CLK0                                | zybo_7_i/macc_ip_0/U0/macc_ip_v1_0_S00_AXI_inst/table1[0][7]_i_1_n_0                                                                                         | zybo_7_i/macc_ip_0/U0/macc_ip_v1_0_S00_AXI_inst/axi_awready_i_1_n_0                                                                                 |                1 |              8 |
|  zybo_7_i/processing_system7_0/inst/FCLK_CLK0                                | zybo_7_i/macc_ip_0/U0/macc_ip_v1_0_S00_AXI_inst/table1[2]_16                                                                                                 | zybo_7_i/macc_ip_0/U0/macc_ip_v1_0_S00_AXI_inst/axi_awready_i_1_n_0                                                                                 |                1 |              8 |
|  zybo_7_i/processing_system7_0/inst/FCLK_CLK0                                | zybo_7_i/macc_ip_0/U0/macc_ip_v1_0_S00_AXI_inst/table1[5]_13                                                                                                 | zybo_7_i/macc_ip_0/U0/macc_ip_v1_0_S00_AXI_inst/axi_awready_i_1_n_0                                                                                 |                2 |              8 |
|  zybo_7_i/processing_system7_0/inst/FCLK_CLK0                                | zybo_7_i/macc_ip_0/U0/macc_ip_v1_0_S00_AXI_inst/table1[7]_10                                                                                                 | zybo_7_i/macc_ip_0/U0/macc_ip_v1_0_S00_AXI_inst/axi_awready_i_1_n_0                                                                                 |                2 |              8 |
|  zybo_7_i/processing_system7_0/inst/FCLK_CLK0                                | zybo_7_i/macc_ip_0/U0/macc_ip_v1_0_S00_AXI_inst/slv_reg_rden                                                                                                 | zybo_7_i/macc_ip_0/U0/macc_ip_v1_0_S00_AXI_inst/axi_awready_i_1_n_0                                                                                 |                2 |              8 |
|  zybo_7_i/processing_system7_0/inst/FCLK_CLK0                                | zybo_7_i/macc_ip_0/U0/macc_ip_v1_0_S00_AXI_inst/table1[8]_12                                                                                                 | zybo_7_i/macc_ip_0/U0/macc_ip_v1_0_S00_AXI_inst/axi_awready_i_1_n_0                                                                                 |                2 |              8 |
|  zybo_7_i/processing_system7_0/inst/FCLK_CLK0                                | zybo_7_i/macc_ip_0/U0/macc_ip_v1_0_S00_AXI_inst/table2[3]_6                                                                                                  | zybo_7_i/macc_ip_0/U0/macc_ip_v1_0_S00_AXI_inst/axi_awready_i_1_n_0                                                                                 |                1 |              8 |
|  zybo_7_i/processing_system7_0/inst/FCLK_CLK0                                | zybo_7_i/macc_ip_0/U0/macc_ip_v1_0_S00_AXI_inst/table2[4]_5                                                                                                  | zybo_7_i/macc_ip_0/U0/macc_ip_v1_0_S00_AXI_inst/axi_awready_i_1_n_0                                                                                 |                1 |              8 |
|  zybo_7_i/processing_system7_0/inst/FCLK_CLK0                                | zybo_7_i/macc_ip_0/U0/macc_ip_v1_0_S00_AXI_inst/table2[6]_3                                                                                                  | zybo_7_i/macc_ip_0/U0/macc_ip_v1_0_S00_AXI_inst/axi_awready_i_1_n_0                                                                                 |                2 |              8 |
|  zybo_7_i/macc_ip_0/U0/macc_ip_v1_0_S00_AXI_inst/reg_data_out_reg[7]_i_2_n_0 |                                                                                                                                                              |                                                                                                                                                     |                2 |              8 |
|  zybo_7_i/processing_system7_0/inst/FCLK_CLK0                                | zybo_7_i/macc_ip_0/U0/macc_ip_v1_0_S00_AXI_inst/table2[9]_0                                                                                                  | zybo_7_i/macc_ip_0/U0/macc_ip_v1_0_S00_AXI_inst/axi_awready_i_1_n_0                                                                                 |                2 |              8 |
|  zybo_7_i/processing_system7_0/inst/FCLK_CLK0                                | zybo_7_i/macc_ip_0/U0/macc_ip_v1_0_S00_AXI_inst/table2[2]_7                                                                                                  | zybo_7_i/macc_ip_0/U0/macc_ip_v1_0_S00_AXI_inst/axi_awready_i_1_n_0                                                                                 |                2 |              8 |
|  zybo_7_i/processing_system7_0/inst/FCLK_CLK0                                | zybo_7_i/macc_ip_0/U0/macc_ip_v1_0_S00_AXI_inst/table2[5]_4                                                                                                  | zybo_7_i/macc_ip_0/U0/macc_ip_v1_0_S00_AXI_inst/axi_awready_i_1_n_0                                                                                 |                3 |              8 |
|  zybo_7_i/processing_system7_0/inst/FCLK_CLK0                                | zybo_7_i/macc_ip_0/U0/macc_ip_v1_0_S00_AXI_inst/table1[1]_15                                                                                                 | zybo_7_i/macc_ip_0/U0/macc_ip_v1_0_S00_AXI_inst/axi_awready_i_1_n_0                                                                                 |                1 |              8 |
|  zybo_7_i/processing_system7_0/inst/FCLK_CLK0                                | zybo_7_i/macc_ip_0/U0/macc_ip_v1_0_S00_AXI_inst/table1[6]_14                                                                                                 | zybo_7_i/macc_ip_0/U0/macc_ip_v1_0_S00_AXI_inst/axi_awready_i_1_n_0                                                                                 |                3 |              8 |
|  zybo_7_i/processing_system7_0/inst/FCLK_CLK0                                | zybo_7_i/macc_ip_0/U0/macc_ip_v1_0_S00_AXI_inst/table2[8]_1                                                                                                  | zybo_7_i/macc_ip_0/U0/macc_ip_v1_0_S00_AXI_inst/axi_awready_i_1_n_0                                                                                 |                2 |              8 |
|  zybo_7_i/processing_system7_0/inst/FCLK_CLK0                                | zybo_7_i/ps7_0_axi_periph/s00_couplers/auto_pc/inst/gen_axilite.gen_b2s_conv.axilite_b2s/WR.b_channel_0/mhandshake_r                                         | zybo_7_i/ps7_0_axi_periph/s00_couplers/auto_pc/inst/gen_axilite.gen_b2s_conv.axilite_b2s/WR.b_channel_0/bid_fifo_0/SR[0]                            |                3 |              8 |
|  zybo_7_i/processing_system7_0/inst/FCLK_CLK0                                | zybo_7_i/ps7_0_axi_periph/s00_couplers/auto_pc/inst/gen_axilite.gen_b2s_conv.axilite_b2s/RD.r_channel_0/rd_data_fifo_0/wr_en0                                |                                                                                                                                                     |                2 |              8 |
|  zybo_7_i/processing_system7_0/inst/FCLK_CLK0                                | zybo_7_i/ps7_0_axi_periph/s00_couplers/auto_pc/inst/gen_axilite.gen_b2s_conv.axilite_b2s/WR.aw_channel_0/aw_cmd_fsm_0/E[0]                                   |                                                                                                                                                     |                4 |              8 |
|  zybo_7_i/processing_system7_0/inst/FCLK_CLK0                                | zybo_7_i/ps7_0_axi_periph/s00_couplers/auto_pc/inst/gen_axilite.gen_b2s_conv.axilite_b2s/WR.aw_channel_0/cmd_translator_0/incr_cmd_0/axaddr_incr[11]_i_1_n_0 |                                                                                                                                                     |                2 |              8 |
|  zybo_7_i/processing_system7_0/inst/FCLK_CLK0                                | zybo_7_i/macc_ip_0/U0/macc_ip_v1_0_S00_AXI_inst/table2[7]_2                                                                                                  | zybo_7_i/macc_ip_0/U0/macc_ip_v1_0_S00_AXI_inst/axi_awready_i_1_n_0                                                                                 |                2 |              8 |
|  zybo_7_i/processing_system7_0/inst/FCLK_CLK0                                | zybo_7_i/ps7_0_axi_periph/s00_couplers/auto_pc/inst/gen_axilite.gen_b2s_conv.axilite_b2s/RD.ar_channel_0/ar_cmd_fsm_0/E[0]                                   |                                                                                                                                                     |                5 |              8 |
|  zybo_7_i/processing_system7_0/inst/FCLK_CLK0                                |                                                                                                                                                              | zybo_7_i/ps7_0_axi_periph/s00_couplers/auto_pc/inst/gen_axilite.gen_b2s_conv.axilite_b2s/areset_d1                                                  |                4 |             10 |
|  zybo_7_i/processing_system7_0/inst/FCLK_CLK0                                | zybo_7_i/ps7_0_axi_periph/s00_couplers/auto_pc/inst/gen_axilite.gen_b2s_conv.axilite_b2s/RD.r_channel_0/r_push_r                                             |                                                                                                                                                     |                4 |             13 |
|  zybo_7_i/processing_system7_0/inst/FCLK_CLK0                                | zybo_7_i/ps7_0_axi_periph/s00_couplers/auto_pc/inst/gen_axilite.gen_b2s_conv.axilite_b2s/SI_REG/b.b_pipe/p_1_in                                              |                                                                                                                                                     |                2 |             14 |
|  zybo_7_i/processing_system7_0/inst/FCLK_CLK0                                | zybo_7_i/ps7_0_axi_periph/s00_couplers/auto_pc/inst/gen_axilite.gen_b2s_conv.axilite_b2s/SI_REG/b.b_pipe/s_ready_i_reg_0                                     |                                                                                                                                                     |                2 |             14 |
|  zybo_7_i/processing_system7_0/inst/FCLK_CLK0                                | zybo_7_i/ps7_0_axi_periph/s00_couplers/auto_pc/inst/gen_axilite.gen_b2s_conv.axilite_b2s/WR.aw_channel_0/aw_cmd_fsm_0/b_push                                 |                                                                                                                                                     |                3 |             16 |
|  zybo_7_i/processing_system7_0/inst/FCLK_CLK0                                | zybo_7_i/ps7_0_axi_periph/s00_couplers/auto_pc/inst/gen_axilite.gen_b2s_conv.axilite_b2s/WR.aw_channel_0/aw_cmd_fsm_0/m_valid_i_reg_0                        |                                                                                                                                                     |                6 |             17 |
|  zybo_7_i/processing_system7_0/inst/FCLK_CLK0                                | zybo_7_i/ps7_0_axi_periph/s00_couplers/auto_pc/inst/gen_axilite.gen_b2s_conv.axilite_b2s/RD.ar_channel_0/ar_cmd_fsm_0/m_axi_arready_0                        |                                                                                                                                                     |                8 |             17 |
|  zybo_7_i/processing_system7_0/inst/FCLK_CLK0                                | zybo_7_i/ps7_0_axi_periph/s00_couplers/auto_pc/inst/gen_axilite.gen_b2s_conv.axilite_b2s/SI_REG/r.r_pipe/p_1_in                                              |                                                                                                                                                     |                4 |             21 |
|  zybo_7_i/processing_system7_0/inst/FCLK_CLK0                                | zybo_7_i/ps7_0_axi_periph/s00_couplers/auto_pc/inst/gen_axilite.gen_b2s_conv.axilite_b2s/SI_REG/r.r_pipe/s_ready_i_reg_0                                     |                                                                                                                                                     |                5 |             21 |
|  zybo_7_i/processing_system7_0/inst/FCLK_CLK0                                | zybo_7_i/ps7_0_axi_periph/s00_couplers/auto_pc/inst/gen_axilite.gen_b2s_conv.axilite_b2s/WR.aw_channel_0/aw_cmd_fsm_0/m_valid_i_reg_1[0]                     |                                                                                                                                                     |                6 |             28 |
|  zybo_7_i/processing_system7_0/inst/FCLK_CLK0                                | zybo_7_i/ps7_0_axi_periph/s00_couplers/auto_pc/inst/gen_axilite.gen_b2s_conv.axilite_b2s/RD.ar_channel_0/ar_cmd_fsm_0/FSM_sequential_state_reg[1]_1[0]       |                                                                                                                                                     |                6 |             28 |
|  zybo_7_i/processing_system7_0/inst/FCLK_CLK0                                | zybo_7_i/ps7_0_axi_periph/s00_couplers/auto_pc/inst/gen_axilite.gen_b2s_conv.axilite_b2s/SI_REG/ar.ar_pipe/s_ready_i_reg_0                                   |                                                                                                                                                     |                7 |             28 |
|  zybo_7_i/processing_system7_0/inst/FCLK_CLK0                                | zybo_7_i/ps7_0_axi_periph/s00_couplers/auto_pc/inst/gen_axilite.gen_b2s_conv.axilite_b2s/SI_REG/aw.aw_pipe/s_ready_i_reg_0                                   |                                                                                                                                                     |                6 |             28 |
|  zybo_7_i/processing_system7_0/inst/FCLK_CLK0                                |                                                                                                                                                              |                                                                                                                                                     |               34 |            110 |
+------------------------------------------------------------------------------+--------------------------------------------------------------------------------------------------------------------------------------------------------------+-----------------------------------------------------------------------------------------------------------------------------------------------------+------------------+----------------+


